

Started GET "/jobs" for ::1 at 2016-01-22 14:28:05 +0200
  [1m[36mActiveRecord::SchemaMigration Load (0.2ms)[0m  [1mSELECT "schema_migrations".* FROM "schema_migrations"[0m
Processing by JobsController#index as HTML
  [1m[35mJob Load (0.2ms)[0m  SELECT "jobs".* FROM "jobs"
  Rendered jobs/index.html.erb within layouts/application (10.9ms)
Completed 200 OK in 453ms (Views: 449.8ms | ActiveRecord: 0.6ms)


Started GET "/jobs/new" for ::1 at 2016-01-22 14:30:23 +0200
Processing by JobsController#new as HTML
  Rendered jobs/_form.html.erb (26.0ms)
  Rendered jobs/new.html.erb within layouts/application (31.9ms)
Completed 200 OK in 78ms (Views: 77.8ms | ActiveRecord: 0.0ms)


Started POST "/jobs" for ::1 at 2016-01-22 14:30:34 +0200
Processing by JobsController#create as HTML
  Parameters: {"utf8"=>"✓", "authenticity_token"=>"1UlbJ3TORmq5OETAr9xbEWCUIBcG9cwtPRkL+Q7ErlKlJ2vXlppBgz+EWXbJ1oX/b6pmyAzLTak5aWTuAHtogA==", "job"=>{"title"=>"driver", "description"=>"dsgsd", "requirements"=>"gsd", "job_level"=>"gdsg", "status"=>"dg", "start_date"=>"gsg", "contact"=>"gsdg"}, "commit"=>"Create Job"}
  [1m[36m (0.1ms)[0m  [1mbegin transaction[0m
  [1m[35mSQL (0.5ms)[0m  INSERT INTO "jobs" ("title", "description", "requirements", "job_level", "status", "contact", "created_at", "updated_at") VALUES (?, ?, ?, ?, ?, ?, ?, ?)  [["title", "driver"], ["description", "dsgsd"], ["requirements", "gsd"], ["job_level", "gdsg"], ["status", "dg"], ["contact", "gsdg"], ["created_at", "2016-01-22 12:30:34.084903"], ["updated_at", "2016-01-22 12:30:34.084903"]]
  [1m[36m (0.7ms)[0m  [1mcommit transaction[0m
Redirected to http://localhost:3000/jobs
Completed 302 Found in 10ms (ActiveRecord: 1.3ms)


Started GET "/jobs" for ::1 at 2016-01-22 14:30:34 +0200
Processing by JobsController#index as HTML
  [1m[35mJob Load (0.2ms)[0m  SELECT "jobs".* FROM "jobs"
  Rendered jobs/index.html.erb within layouts/application (2.7ms)
Completed 200 OK in 46ms (Views: 45.6ms | ActiveRecord: 0.2ms)


Started GET "/jobs/new" for ::1 at 2016-01-22 14:30:38 +0200
Processing by JobsController#new as HTML
  Rendered jobs/_form.html.erb (5.4ms)
  Rendered jobs/new.html.erb within layouts/application (6.9ms)
Completed 200 OK in 37ms (Views: 37.0ms | ActiveRecord: 0.0ms)


Started POST "/jobs" for ::1 at 2016-01-22 14:30:55 +0200
Processing by JobsController#create as HTML
  Parameters: {"utf8"=>"✓", "authenticity_token"=>"Aw4PMRB9psYovA1NEf6U+ZZrjhno+kCPMkQnOhLVBEdzYD/B8imhL64AEPt39EoXmVXIxuLEwQs2NEgtHGrClQ==", "job"=>{"title"=>"dog handler", "description"=>"dfg", "requirements"=>"fg", "job_level"=>"fg", "status"=>"fg", "start_date"=>"fg", "contact"=>"fg"}, "commit"=>"Create Job"}
  [1m[36m (0.1ms)[0m  [1mbegin transaction[0m
  [1m[35mSQL (0.3ms)[0m  INSERT INTO "jobs" ("title", "description", "requirements", "job_level", "status", "contact", "created_at", "updated_at") VALUES (?, ?, ?, ?, ?, ?, ?, ?)  [["title", "dog handler"], ["description", "dfg"], ["requirements", "fg"], ["job_level", "fg"], ["status", "fg"], ["contact", "fg"], ["created_at", "2016-01-22 12:30:55.556409"], ["updated_at", "2016-01-22 12:30:55.556409"]]
  [1m[36m (80.3ms)[0m  [1mcommit transaction[0m
Redirected to http://localhost:3000/jobs
Completed 302 Found in 85ms (ActiveRecord: 80.7ms)


Started GET "/jobs" for ::1 at 2016-01-22 14:30:55 +0200
Processing by JobsController#index as HTML
  [1m[35mJob Load (0.2ms)[0m  SELECT "jobs".* FROM "jobs"
  Rendered jobs/index.html.erb within layouts/application (1.2ms)
Completed 200 OK in 25ms (Views: 24.1ms | ActiveRecord: 0.2ms)


Started GET "/jobs" for ::1 at 2016-01-22 14:35:31 +0200
  [1m[36mActiveRecord::SchemaMigration Load (0.1ms)[0m  [1mSELECT "schema_migrations".* FROM "schema_migrations"[0m
Processing by JobsController#index as HTML
  [1m[35mJob Load (0.3ms)[0m  SELECT "jobs".* FROM "jobs"
  Rendered jobs/index.html.erb within layouts/application (12.4ms)
Completed 200 OK in 342ms (Views: 336.0ms | ActiveRecord: 0.7ms)


Started GET "/jobs" for ::1 at 2016-01-22 14:35:34 +0200
Processing by JobsController#index as HTML
  [1m[36mJob Load (0.2ms)[0m  [1mSELECT "jobs".* FROM "jobs"[0m
  Rendered jobs/index.html.erb within layouts/application (1.8ms)
Completed 200 OK in 27ms (Views: 27.0ms | ActiveRecord: 0.2ms)


Started GET "/jobs/1" for ::1 at 2016-01-22 14:35:36 +0200
Processing by JobsController#show as HTML
  Parameters: {"id"=>"1"}
  [1m[35mJob Load (0.2ms)[0m  SELECT  "jobs".* FROM "jobs" WHERE "jobs"."id" = ? LIMIT 1  [["id", 1]]
  [1m[36mCACHE (0.0ms)[0m  [1mSELECT  "jobs".* FROM "jobs" WHERE "jobs"."id" = ? LIMIT 1[0m  [["id", "1"]]
  Rendered jobs/show.html.erb within layouts/application (1.4ms)
Completed 200 OK in 52ms (Views: 39.8ms | ActiveRecord: 0.3ms)


Started GET "/jobs/new" for ::1 at 2016-01-22 14:38:54 +0200
  [1m[36mActiveRecord::SchemaMigration Load (0.1ms)[0m  [1mSELECT "schema_migrations".* FROM "schema_migrations"[0m
Processing by JobsController#new as HTML
  Rendered jobs/_form.html.erb (31.7ms)
  Rendered jobs/new.html.erb within layouts/application (38.1ms)
Completed 200 OK in 352ms (Views: 341.2ms | ActiveRecord: 0.6ms)


Started POST "/jobs" for ::1 at 2016-01-22 14:39:04 +0200
Processing by JobsController#create as HTML
  Parameters: {"utf8"=>"✓", "authenticity_token"=>"l6hYbH4thR8Ts22JqR2y+MA15J/ERACc1r/s1UgXhK/nxmicnHmC9pUPcD/PF2wWzwuiQM56gRjSz4PCRqhCfQ==", "job"=>{"title"=>"gardner", "description"=>"dfd", "requirements"=>"df", "job_level"=>"fs", "status"=>"dfd", "start_date"=>"dfd", "contact"=>"dfd"}, "commit"=>"Create Job"}
  [1m[35m (0.1ms)[0m  begin transaction
  [1m[36mSQL (0.5ms)[0m  [1mINSERT INTO "jobs" ("title", "description", "requirements", "job_level", "status", "contact", "created_at", "updated_at") VALUES (?, ?, ?, ?, ?, ?, ?, ?)[0m  [["title", "gardner"], ["description", "dfd"], ["requirements", "df"], ["job_level", "fs"], ["status", "dfd"], ["contact", "dfd"], ["created_at", "2016-01-22 12:39:04.375397"], ["updated_at", "2016-01-22 12:39:04.375397"]]
  [1m[35m (0.8ms)[0m  commit transaction
Redirected to http://localhost:3000/jobs
Completed 302 Found in 9ms (ActiveRecord: 1.4ms)


Started GET "/jobs" for ::1 at 2016-01-22 14:39:04 +0200
Processing by JobsController#index as HTML
  [1m[36mJob Load (1.4ms)[0m  [1mSELECT "jobs".* FROM "jobs"[0m
  Rendered jobs/index.html.erb within layouts/application (4.9ms)
Completed 200 OK in 46ms (Views: 44.4ms | ActiveRecord: 1.4ms)


Started GET "/jobs/new" for ::1 at 2016-01-22 14:39:06 +0200
Processing by JobsController#new as HTML
  Rendered jobs/_form.html.erb (7.7ms)
  Rendered jobs/new.html.erb within layouts/application (11.0ms)
Completed 200 OK in 54ms (Views: 53.9ms | ActiveRecord: 0.0ms)


Started POST "/jobs" for ::1 at 2016-01-22 14:39:16 +0200
Processing by JobsController#create as HTML
  Parameters: {"utf8"=>"✓", "authenticity_token"=>"S8qjGw+wxIkmwTrKTMq9bVFUL5BfYvDkUk7RcXD6qpg7pJPr7eTDYKB9J3wqwGODXmppT1VccWBWPr5mfkVsSg==", "job"=>{"title"=>"driver", "description"=>"dfgfg", "requirements"=>"dfvbgv", "job_level"=>"vb ", "status"=>"hfg", "start_date"=>"fdgfd", "contact"=>"fg"}, "commit"=>"Create Job"}
  [1m[35m (0.1ms)[0m  begin transaction
  [1m[36mSQL (0.4ms)[0m  [1mINSERT INTO "jobs" ("title", "description", "requirements", "job_level", "status", "contact", "created_at", "updated_at") VALUES (?, ?, ?, ?, ?, ?, ?, ?)[0m  [["title", "driver"], ["description", "dfgfg"], ["requirements", "dfvbgv"], ["job_level", "vb "], ["status", "hfg"], ["contact", "fg"], ["created_at", "2016-01-22 12:39:16.403351"], ["updated_at", "2016-01-22 12:39:16.403351"]]
  [1m[35m (1.0ms)[0m  commit transaction
Redirected to http://localhost:3000/jobs
Completed 302 Found in 8ms (ActiveRecord: 1.6ms)


Started GET "/jobs" for ::1 at 2016-01-22 14:39:16 +0200
Processing by JobsController#index as HTML
  [1m[36mJob Load (0.2ms)[0m  [1mSELECT "jobs".* FROM "jobs"[0m
  Rendered jobs/index.html.erb within layouts/application (1.7ms)
Completed 200 OK in 39ms (Views: 38.6ms | ActiveRecord: 0.2ms)


Started GET "/jobs/5" for ::1 at 2016-01-22 14:39:18 +0200
Processing by JobsController#show as HTML
  Parameters: {"id"=>"5"}
  [1m[35mJob Load (0.6ms)[0m  SELECT  "jobs".* FROM "jobs" WHERE "jobs"."id" = ? LIMIT 1  [["id", 5]]
  [1m[36mCACHE (0.0ms)[0m  [1mSELECT  "jobs".* FROM "jobs" WHERE "jobs"."id" = ? LIMIT 1[0m  [["id", "5"]]
  Rendered jobs/show.html.erb within layouts/application (1.3ms)
Completed 200 OK in 34ms (Views: 26.2ms | ActiveRecord: 0.7ms)


Started DELETE "/jobs/5" for ::1 at 2016-01-22 14:39:21 +0200
Processing by JobsController#destroy as HTML
  Parameters: {"authenticity_token"=>"u1zwxBS7LGwdr91Q04UQ9ISkQjPAwk3FFvolLYY0ezjLMsA09u8rhZsTwOa1j84ai5oE7Mr8zEESiko6iIu96g==", "id"=>"5"}
  [1m[35mJob Load (0.2ms)[0m  SELECT  "jobs".* FROM "jobs" WHERE "jobs"."id" = ? LIMIT 1  [["id", 5]]
  [1m[36mCACHE (0.0ms)[0m  [1mSELECT  "jobs".* FROM "jobs" WHERE "jobs"."id" = ? LIMIT 1[0m  [["id", "5"]]
  [1m[35m (0.1ms)[0m  begin transaction
  [1m[36mSQL (0.3ms)[0m  [1mDELETE FROM "jobs" WHERE "jobs"."id" = ?[0m  [["id", 5]]
  [1m[35m (3.1ms)[0m  commit transaction
Redirected to http://localhost:3000/jobs
Completed 302 Found in 7ms (ActiveRecord: 3.7ms)


Started GET "/jobs" for ::1 at 2016-01-22 14:39:21 +0200
Processing by JobsController#index as HTML
  [1m[36mJob Load (0.2ms)[0m  [1mSELECT "jobs".* FROM "jobs"[0m
  Rendered jobs/index.html.erb within layouts/application (1.4ms)
Completed 200 OK in 26ms (Views: 25.4ms | ActiveRecord: 0.2ms)


Started GET "/jobs/new" for ::1 at 2016-01-22 14:39:25 +0200
Processing by JobsController#new as HTML
  Rendered jobs/_form.html.erb (11.5ms)
  Rendered jobs/new.html.erb within layouts/application (13.3ms)
Completed 200 OK in 36ms (Views: 35.9ms | ActiveRecord: 0.0ms)


Started POST "/jobs" for ::1 at 2016-01-22 14:39:32 +0200
Processing by JobsController#create as HTML
  Parameters: {"utf8"=>"✓", "authenticity_token"=>"ujDV9lW9+avQQsOOEoHkK/HYaKrzuSyvc/NIh3u5dtXKXuUGt+n+Qlb+3jh0izrF/uYudfmHrSt3gyeQdQawBw==", "job"=>{"title"=>"chef", "description"=>"cgf", "requirements"=>"chdff", "job_level"=>"hcbcbn", "status"=>"vcn", "start_date"=>"vnvcn", "contact"=>"vnvc"}, "commit"=>"Create Job"}
  [1m[35m (0.1ms)[0m  begin transaction
  [1m[36mSQL (0.3ms)[0m  [1mINSERT INTO "jobs" ("title", "description", "requirements", "job_level", "status", "contact", "created_at", "updated_at") VALUES (?, ?, ?, ?, ?, ?, ?, ?)[0m  [["title", "chef"], ["description", "cgf"], ["requirements", "chdff"], ["job_level", "hcbcbn"], ["status", "vcn"], ["contact", "vnvc"], ["created_at", "2016-01-22 12:39:32.377466"], ["updated_at", "2016-01-22 12:39:32.377466"]]
  [1m[35m (0.9ms)[0m  commit transaction
Redirected to http://localhost:3000/jobs
Completed 302 Found in 6ms (ActiveRecord: 1.3ms)


Started GET "/jobs" for ::1 at 2016-01-22 14:39:32 +0200
Processing by JobsController#index as HTML
  [1m[36mJob Load (0.2ms)[0m  [1mSELECT "jobs".* FROM "jobs"[0m
  Rendered jobs/index.html.erb within layouts/application (1.4ms)
Completed 200 OK in 27ms (Views: 26.6ms | ActiveRecord: 0.2ms)


Started GET "/jobs/new" for ::1 at 2016-01-22 14:39:34 +0200
Processing by JobsController#new as HTML
  Rendered jobs/_form.html.erb (3.7ms)
  Rendered jobs/new.html.erb within layouts/application (5.2ms)
Completed 200 OK in 31ms (Views: 30.3ms | ActiveRecord: 0.0ms)


Started POST "/jobs" for ::1 at 2016-01-22 14:39:51 +0200
Processing by JobsController#create as HTML
  Parameters: {"utf8"=>"✓", "authenticity_token"=>"o05nqiisflkpbhwtHbeSQ92iW1v35OVGqIqAR85KOhXTIFdayvh5sK/SAZt7vUyt0pwdhP3aZMKs+u9QwPX8xw==", "job"=>{"title"=>"game tester", "description"=>"f", "requirements"=>"gfg", "job_level"=>"fgdg", "status"=>"gfg", "start_date"=>"fg", "contact"=>"fgdg"}, "commit"=>"Create Job"}
  [1m[35m (0.1ms)[0m  begin transaction
  [1m[36mSQL (0.3ms)[0m  [1mINSERT INTO "jobs" ("title", "description", "requirements", "job_level", "status", "contact", "created_at", "updated_at") VALUES (?, ?, ?, ?, ?, ?, ?, ?)[0m  [["title", "game tester"], ["description", "f"], ["requirements", "gfg"], ["job_level", "fgdg"], ["status", "gfg"], ["contact", "fgdg"], ["created_at", "2016-01-22 12:39:51.049199"], ["updated_at", "2016-01-22 12:39:51.049199"]]
  [1m[35m (81.9ms)[0m  commit transaction
Redirected to http://localhost:3000/jobs
Completed 302 Found in 87ms (ActiveRecord: 82.3ms)


Started GET "/jobs" for ::1 at 2016-01-22 14:39:51 +0200
Processing by JobsController#index as HTML
  [1m[36mJob Load (0.2ms)[0m  [1mSELECT "jobs".* FROM "jobs"[0m
  Rendered jobs/index.html.erb within layouts/application (1.7ms)
Completed 200 OK in 24ms (Views: 23.2ms | ActiveRecord: 0.2ms)


Started GET "/jobs" for ::1 at 2016-01-22 14:44:00 +0200
Processing by JobsController#index as HTML
  [1m[35mJob Load (0.3ms)[0m  SELECT "jobs".* FROM "jobs"
  Rendered jobs/index.html.erb within layouts/application (1.7ms)
Completed 500 Internal Server Error in 26ms (ActiveRecord: 0.3ms)

ActionView::Template::Error (couldn't find file 'dataTables/jquery.dataTables' with type 'text/css'):
    2: <html>
    3: 	<head>
    4: 	  <title>JobBoard</title>
    5: 	  <%= stylesheet_link_tag    'application', media: 'all' %>
    6: 	  <%= javascript_include_tag 'application' %>
    7: 	  <%= csrf_meta_tags %>
    8: 	</head>
  app/assets/stylesheets/application.css:14
  app/views/layouts/application.html.erb:5:in `_app_views_layouts_application_html_erb___2021425812993990817_70163396369880'


  Rendered /Users/pholisafatyela/.rvm/gems/ruby-2.2.1/gems/actionpack-4.2.5/lib/action_dispatch/middleware/templates/rescues/_source.erb (13.2ms)
  Rendered /Users/pholisafatyela/.rvm/gems/ruby-2.2.1/gems/actionpack-4.2.5/lib/action_dispatch/middleware/templates/rescues/_trace.html.erb (6.1ms)
  Rendered /Users/pholisafatyela/.rvm/gems/ruby-2.2.1/gems/actionpack-4.2.5/lib/action_dispatch/middleware/templates/rescues/_request_and_response.html.erb (2.6ms)
  Rendered /Users/pholisafatyela/.rvm/gems/ruby-2.2.1/gems/actionpack-4.2.5/lib/action_dispatch/middleware/templates/rescues/template_error.html.erb within rescues/layout (93.2ms)
  Rendered /Users/pholisafatyela/.rvm/gems/ruby-2.2.1/gems/web-console-2.2.1/lib/web_console/templates/_markup.html.erb (0.5ms)
  Rendered /Users/pholisafatyela/.rvm/gems/ruby-2.2.1/gems/web-console-2.2.1/lib/web_console/templates/_inner_console_markup.html.erb within layouts/inlined_string (0.4ms)
  Rendered /Users/pholisafatyela/.rvm/gems/ruby-2.2.1/gems/web-console-2.2.1/lib/web_console/templates/_prompt_box_markup.html.erb within layouts/inlined_string (0.4ms)
  Rendered /Users/pholisafatyela/.rvm/gems/ruby-2.2.1/gems/web-console-2.2.1/lib/web_console/templates/style.css.erb within layouts/inlined_string (1.1ms)
  Rendered /Users/pholisafatyela/.rvm/gems/ruby-2.2.1/gems/web-console-2.2.1/lib/web_console/templates/console.js.erb within layouts/javascript (68.6ms)
  Rendered /Users/pholisafatyela/.rvm/gems/ruby-2.2.1/gems/web-console-2.2.1/lib/web_console/templates/main.js.erb within layouts/javascript (0.6ms)
  Rendered /Users/pholisafatyela/.rvm/gems/ruby-2.2.1/gems/web-console-2.2.1/lib/web_console/templates/error_page.js.erb within layouts/javascript (0.5ms)
  Rendered /Users/pholisafatyela/.rvm/gems/ruby-2.2.1/gems/web-console-2.2.1/lib/web_console/templates/index.html.erb (154.1ms)


Started GET "/jobs" for ::1 at 2016-01-22 14:44:05 +0200
Processing by JobsController#index as HTML
  [1m[36mJob Load (0.2ms)[0m  [1mSELECT "jobs".* FROM "jobs"[0m
  Rendered jobs/index.html.erb within layouts/application (1.6ms)
Completed 500 Internal Server Error in 19ms (ActiveRecord: 0.2ms)

ActionView::Template::Error (couldn't find file 'dataTables/jquery.dataTables' with type 'text/css'):
    2: <html>
    3: 	<head>
    4: 	  <title>JobBoard</title>
    5: 	  <%= stylesheet_link_tag    'application', media: 'all' %>
    6: 	  <%= javascript_include_tag 'application' %>
    7: 	  <%= csrf_meta_tags %>
    8: 	</head>
  app/assets/stylesheets/application.css:14
  app/views/layouts/application.html.erb:5:in `_app_views_layouts_application_html_erb___2021425812993990817_70163396369880'


  Rendered /Users/pholisafatyela/.rvm/gems/ruby-2.2.1/gems/actionpack-4.2.5/lib/action_dispatch/middleware/templates/rescues/_source.erb (11.2ms)
  Rendered /Users/pholisafatyela/.rvm/gems/ruby-2.2.1/gems/actionpack-4.2.5/lib/action_dispatch/middleware/templates/rescues/_trace.html.erb (4.4ms)
  Rendered /Users/pholisafatyela/.rvm/gems/ruby-2.2.1/gems/actionpack-4.2.5/lib/action_dispatch/middleware/templates/rescues/_request_and_response.html.erb (2.6ms)
  Rendered /Users/pholisafatyela/.rvm/gems/ruby-2.2.1/gems/actionpack-4.2.5/lib/action_dispatch/middleware/templates/rescues/template_error.html.erb within rescues/layout (79.4ms)
  Rendered /Users/pholisafatyela/.rvm/gems/ruby-2.2.1/gems/web-console-2.2.1/lib/web_console/templates/_markup.html.erb (0.5ms)
  Rendered /Users/pholisafatyela/.rvm/gems/ruby-2.2.1/gems/web-console-2.2.1/lib/web_console/templates/_inner_console_markup.html.erb within layouts/inlined_string (0.5ms)
  Rendered /Users/pholisafatyela/.rvm/gems/ruby-2.2.1/gems/web-console-2.2.1/lib/web_console/templates/_prompt_box_markup.html.erb within layouts/inlined_string (0.4ms)
  Rendered /Users/pholisafatyela/.rvm/gems/ruby-2.2.1/gems/web-console-2.2.1/lib/web_console/templates/style.css.erb within layouts/inlined_string (0.5ms)
  Rendered /Users/pholisafatyela/.rvm/gems/ruby-2.2.1/gems/web-console-2.2.1/lib/web_console/templates/console.js.erb within layouts/javascript (63.4ms)
  Rendered /Users/pholisafatyela/.rvm/gems/ruby-2.2.1/gems/web-console-2.2.1/lib/web_console/templates/main.js.erb within layouts/javascript (0.4ms)
  Rendered /Users/pholisafatyela/.rvm/gems/ruby-2.2.1/gems/web-console-2.2.1/lib/web_console/templates/error_page.js.erb within layouts/javascript (0.5ms)
  Rendered /Users/pholisafatyela/.rvm/gems/ruby-2.2.1/gems/web-console-2.2.1/lib/web_console/templates/index.html.erb (140.5ms)


Started GET "/jobs" for ::1 at 2016-01-22 14:44:16 +0200
Processing by JobsController#index as HTML
  [1m[35mJob Load (0.2ms)[0m  SELECT "jobs".* FROM "jobs"
  Rendered jobs/index.html.erb within layouts/application (1.7ms)
Completed 500 Internal Server Error in 21ms (ActiveRecord: 0.2ms)

ActionView::Template::Error (couldn't find file 'dataTables/jquery.dataTables' with type 'text/css'):
    2: <html>
    3: 	<head>
    4: 	  <title>JobBoard</title>
    5: 	  <%= stylesheet_link_tag    'application', media: 'all' %>
    6: 	  <%= javascript_include_tag 'application' %>
    7: 	  <%= csrf_meta_tags %>
    8: 	</head>
  app/assets/stylesheets/application.css:14
  app/views/layouts/application.html.erb:5:in `_app_views_layouts_application_html_erb___2021425812993990817_70163396369880'


  Rendered /Users/pholisafatyela/.rvm/gems/ruby-2.2.1/gems/actionpack-4.2.5/lib/action_dispatch/middleware/templates/rescues/_source.erb (11.4ms)
  Rendered /Users/pholisafatyela/.rvm/gems/ruby-2.2.1/gems/actionpack-4.2.5/lib/action_dispatch/middleware/templates/rescues/_trace.html.erb (4.3ms)
  Rendered /Users/pholisafatyela/.rvm/gems/ruby-2.2.1/gems/actionpack-4.2.5/lib/action_dispatch/middleware/templates/rescues/_request_and_response.html.erb (1.5ms)
  Rendered /Users/pholisafatyela/.rvm/gems/ruby-2.2.1/gems/actionpack-4.2.5/lib/action_dispatch/middleware/templates/rescues/template_error.html.erb within rescues/layout (88.1ms)
  Rendered /Users/pholisafatyela/.rvm/gems/ruby-2.2.1/gems/web-console-2.2.1/lib/web_console/templates/_markup.html.erb (0.5ms)
  Rendered /Users/pholisafatyela/.rvm/gems/ruby-2.2.1/gems/web-console-2.2.1/lib/web_console/templates/_inner_console_markup.html.erb within layouts/inlined_string (0.4ms)
  Rendered /Users/pholisafatyela/.rvm/gems/ruby-2.2.1/gems/web-console-2.2.1/lib/web_console/templates/_prompt_box_markup.html.erb within layouts/inlined_string (0.4ms)
  Rendered /Users/pholisafatyela/.rvm/gems/ruby-2.2.1/gems/web-console-2.2.1/lib/web_console/templates/style.css.erb within layouts/inlined_string (0.4ms)
  Rendered /Users/pholisafatyela/.rvm/gems/ruby-2.2.1/gems/web-console-2.2.1/lib/web_console/templates/console.js.erb within layouts/javascript (66.1ms)
  Rendered /Users/pholisafatyela/.rvm/gems/ruby-2.2.1/gems/web-console-2.2.1/lib/web_console/templates/main.js.erb within layouts/javascript (0.4ms)
  Rendered /Users/pholisafatyela/.rvm/gems/ruby-2.2.1/gems/web-console-2.2.1/lib/web_console/templates/error_page.js.erb within layouts/javascript (0.5ms)
  Rendered /Users/pholisafatyela/.rvm/gems/ruby-2.2.1/gems/web-console-2.2.1/lib/web_console/templates/index.html.erb (141.9ms)


Started GET "/jobs/show" for ::1 at 2016-01-22 14:44:25 +0200
Processing by JobsController#show as HTML
  Parameters: {"id"=>"show"}
  [1m[36mJob Load (0.2ms)[0m  [1mSELECT  "jobs".* FROM "jobs" WHERE "jobs"."id" = ? LIMIT 1[0m  [["id", 0]]
Completed 404 Not Found in 1ms (ActiveRecord: 0.2ms)

ActiveRecord::RecordNotFound (Couldn't find Job with 'id'=show):
  app/controllers/jobs_controller.rb:39:in `set_job'


  Rendered /Users/pholisafatyela/.rvm/gems/ruby-2.2.1/gems/actionpack-4.2.5/lib/action_dispatch/middleware/templates/rescues/_source.erb (6.5ms)
  Rendered /Users/pholisafatyela/.rvm/gems/ruby-2.2.1/gems/actionpack-4.2.5/lib/action_dispatch/middleware/templates/rescues/_trace.html.erb (2.9ms)
  Rendered /Users/pholisafatyela/.rvm/gems/ruby-2.2.1/gems/actionpack-4.2.5/lib/action_dispatch/middleware/templates/rescues/_request_and_response.html.erb (1.5ms)
  Rendered /Users/pholisafatyela/.rvm/gems/ruby-2.2.1/gems/actionpack-4.2.5/lib/action_dispatch/middleware/templates/rescues/diagnostics.html.erb within rescues/layout (85.5ms)
  Rendered /Users/pholisafatyela/.rvm/gems/ruby-2.2.1/gems/web-console-2.2.1/lib/web_console/templates/_markup.html.erb (0.6ms)
  Rendered /Users/pholisafatyela/.rvm/gems/ruby-2.2.1/gems/web-console-2.2.1/lib/web_console/templates/_inner_console_markup.html.erb within layouts/inlined_string (0.4ms)
  Rendered /Users/pholisafatyela/.rvm/gems/ruby-2.2.1/gems/web-console-2.2.1/lib/web_console/templates/_prompt_box_markup.html.erb within layouts/inlined_string (0.7ms)
  Rendered /Users/pholisafatyela/.rvm/gems/ruby-2.2.1/gems/web-console-2.2.1/lib/web_console/templates/style.css.erb within layouts/inlined_string (0.4ms)
  Rendered /Users/pholisafatyela/.rvm/gems/ruby-2.2.1/gems/web-console-2.2.1/lib/web_console/templates/console.js.erb within layouts/javascript (66.3ms)
  Rendered /Users/pholisafatyela/.rvm/gems/ruby-2.2.1/gems/web-console-2.2.1/lib/web_console/templates/main.js.erb within layouts/javascript (0.4ms)
  Rendered /Users/pholisafatyela/.rvm/gems/ruby-2.2.1/gems/web-console-2.2.1/lib/web_console/templates/error_page.js.erb within layouts/javascript (0.4ms)
  Rendered /Users/pholisafatyela/.rvm/gems/ruby-2.2.1/gems/web-console-2.2.1/lib/web_console/templates/index.html.erb (141.6ms)


Started GET "/jobs/edit" for ::1 at 2016-01-22 14:44:31 +0200
Processing by JobsController#show as HTML
  Parameters: {"id"=>"edit"}
  [1m[35mJob Load (0.1ms)[0m  SELECT  "jobs".* FROM "jobs" WHERE "jobs"."id" = ? LIMIT 1  [["id", 0]]
Completed 404 Not Found in 1ms (ActiveRecord: 0.1ms)

ActiveRecord::RecordNotFound (Couldn't find Job with 'id'=edit):
  app/controllers/jobs_controller.rb:39:in `set_job'


  Rendered /Users/pholisafatyela/.rvm/gems/ruby-2.2.1/gems/actionpack-4.2.5/lib/action_dispatch/middleware/templates/rescues/_source.erb (7.9ms)
  Rendered /Users/pholisafatyela/.rvm/gems/ruby-2.2.1/gems/actionpack-4.2.5/lib/action_dispatch/middleware/templates/rescues/_trace.html.erb (2.8ms)
  Rendered /Users/pholisafatyela/.rvm/gems/ruby-2.2.1/gems/actionpack-4.2.5/lib/action_dispatch/middleware/templates/rescues/_request_and_response.html.erb (1.5ms)
  Rendered /Users/pholisafatyela/.rvm/gems/ruby-2.2.1/gems/actionpack-4.2.5/lib/action_dispatch/middleware/templates/rescues/diagnostics.html.erb within rescues/layout (74.3ms)
  Rendered /Users/pholisafatyela/.rvm/gems/ruby-2.2.1/gems/web-console-2.2.1/lib/web_console/templates/_markup.html.erb (0.4ms)
  Rendered /Users/pholisafatyela/.rvm/gems/ruby-2.2.1/gems/web-console-2.2.1/lib/web_console/templates/_inner_console_markup.html.erb within layouts/inlined_string (0.4ms)
  Rendered /Users/pholisafatyela/.rvm/gems/ruby-2.2.1/gems/web-console-2.2.1/lib/web_console/templates/_prompt_box_markup.html.erb within layouts/inlined_string (0.3ms)
  Rendered /Users/pholisafatyela/.rvm/gems/ruby-2.2.1/gems/web-console-2.2.1/lib/web_console/templates/style.css.erb within layouts/inlined_string (0.5ms)
  Rendered /Users/pholisafatyela/.rvm/gems/ruby-2.2.1/gems/web-console-2.2.1/lib/web_console/templates/console.js.erb within layouts/javascript (64.3ms)
  Rendered /Users/pholisafatyela/.rvm/gems/ruby-2.2.1/gems/web-console-2.2.1/lib/web_console/templates/main.js.erb within layouts/javascript (0.3ms)
  Rendered /Users/pholisafatyela/.rvm/gems/ruby-2.2.1/gems/web-console-2.2.1/lib/web_console/templates/error_page.js.erb within layouts/javascript (0.5ms)
  Rendered /Users/pholisafatyela/.rvm/gems/ruby-2.2.1/gems/web-console-2.2.1/lib/web_console/templates/index.html.erb (139.2ms)


Started GET "/jobs/new" for ::1 at 2016-01-22 14:44:43 +0200
Processing by JobsController#new as HTML
  Rendered jobs/_form.html.erb (4.3ms)
  Rendered jobs/new.html.erb within layouts/application (5.8ms)
Completed 500 Internal Server Error in 25ms (ActiveRecord: 0.0ms)

ActionView::Template::Error (couldn't find file 'dataTables/jquery.dataTables' with type 'text/css'):
    2: <html>
    3: 	<head>
    4: 	  <title>JobBoard</title>
    5: 	  <%= stylesheet_link_tag    'application', media: 'all' %>
    6: 	  <%= javascript_include_tag 'application' %>
    7: 	  <%= csrf_meta_tags %>
    8: 	</head>
  app/assets/stylesheets/application.css:14
  app/views/layouts/application.html.erb:5:in `_app_views_layouts_application_html_erb___2021425812993990817_70163396369880'


  Rendered /Users/pholisafatyela/.rvm/gems/ruby-2.2.1/gems/actionpack-4.2.5/lib/action_dispatch/middleware/templates/rescues/_source.erb (11.3ms)
  Rendered /Users/pholisafatyela/.rvm/gems/ruby-2.2.1/gems/actionpack-4.2.5/lib/action_dispatch/middleware/templates/rescues/_trace.html.erb (4.1ms)
  Rendered /Users/pholisafatyela/.rvm/gems/ruby-2.2.1/gems/actionpack-4.2.5/lib/action_dispatch/middleware/templates/rescues/_request_and_response.html.erb (1.9ms)
  Rendered /Users/pholisafatyela/.rvm/gems/ruby-2.2.1/gems/actionpack-4.2.5/lib/action_dispatch/middleware/templates/rescues/template_error.html.erb within rescues/layout (81.9ms)
  Rendered /Users/pholisafatyela/.rvm/gems/ruby-2.2.1/gems/web-console-2.2.1/lib/web_console/templates/_markup.html.erb (0.5ms)
  Rendered /Users/pholisafatyela/.rvm/gems/ruby-2.2.1/gems/web-console-2.2.1/lib/web_console/templates/_inner_console_markup.html.erb within layouts/inlined_string (0.4ms)
  Rendered /Users/pholisafatyela/.rvm/gems/ruby-2.2.1/gems/web-console-2.2.1/lib/web_console/templates/_prompt_box_markup.html.erb within layouts/inlined_string (0.4ms)
  Rendered /Users/pholisafatyela/.rvm/gems/ruby-2.2.1/gems/web-console-2.2.1/lib/web_console/templates/style.css.erb within layouts/inlined_string (0.4ms)
  Rendered /Users/pholisafatyela/.rvm/gems/ruby-2.2.1/gems/web-console-2.2.1/lib/web_console/templates/console.js.erb within layouts/javascript (67.0ms)
  Rendered /Users/pholisafatyela/.rvm/gems/ruby-2.2.1/gems/web-console-2.2.1/lib/web_console/templates/main.js.erb within layouts/javascript (0.4ms)
  Rendered /Users/pholisafatyela/.rvm/gems/ruby-2.2.1/gems/web-console-2.2.1/lib/web_console/templates/error_page.js.erb within layouts/javascript (0.5ms)
  Rendered /Users/pholisafatyela/.rvm/gems/ruby-2.2.1/gems/web-console-2.2.1/lib/web_console/templates/index.html.erb (140.1ms)


Started GET "/jobs/new" for ::1 at 2016-01-22 14:47:17 +0200
Processing by JobsController#new as HTML
  Rendered jobs/_form.html.erb (4.7ms)
  Rendered jobs/new.html.erb within layouts/application (6.2ms)
Completed 500 Internal Server Error in 27ms (ActiveRecord: 0.0ms)

ActionView::Template::Error (couldn't find file 'dataTables/jquery.dataTables' with type 'text/css'):
    2: <html>
    3: 	<head>
    4: 	  <title>JobBoard</title>
    5: 	  <%= stylesheet_link_tag    'application', media: 'all' %>
    6: 	  <%= javascript_include_tag 'application' %>
    7: 	  <%= csrf_meta_tags %>
    8: 	</head>
  app/assets/stylesheets/application.css:14
  app/views/layouts/application.html.erb:5:in `_app_views_layouts_application_html_erb___2021425812993990817_70163396369880'


  Rendered /Users/pholisafatyela/.rvm/gems/ruby-2.2.1/gems/actionpack-4.2.5/lib/action_dispatch/middleware/templates/rescues/_source.erb (11.5ms)
  Rendered /Users/pholisafatyela/.rvm/gems/ruby-2.2.1/gems/actionpack-4.2.5/lib/action_dispatch/middleware/templates/rescues/_trace.html.erb (4.5ms)
  Rendered /Users/pholisafatyela/.rvm/gems/ruby-2.2.1/gems/actionpack-4.2.5/lib/action_dispatch/middleware/templates/rescues/_request_and_response.html.erb (1.9ms)
  Rendered /Users/pholisafatyela/.rvm/gems/ruby-2.2.1/gems/actionpack-4.2.5/lib/action_dispatch/middleware/templates/rescues/template_error.html.erb within rescues/layout (84.2ms)
  Rendered /Users/pholisafatyela/.rvm/gems/ruby-2.2.1/gems/web-console-2.2.1/lib/web_console/templates/_markup.html.erb (0.4ms)
  Rendered /Users/pholisafatyela/.rvm/gems/ruby-2.2.1/gems/web-console-2.2.1/lib/web_console/templates/_inner_console_markup.html.erb within layouts/inlined_string (0.5ms)
  Rendered /Users/pholisafatyela/.rvm/gems/ruby-2.2.1/gems/web-console-2.2.1/lib/web_console/templates/_prompt_box_markup.html.erb within layouts/inlined_string (0.4ms)
  Rendered /Users/pholisafatyela/.rvm/gems/ruby-2.2.1/gems/web-console-2.2.1/lib/web_console/templates/style.css.erb within layouts/inlined_string (0.5ms)
  Rendered /Users/pholisafatyela/.rvm/gems/ruby-2.2.1/gems/web-console-2.2.1/lib/web_console/templates/console.js.erb within layouts/javascript (63.4ms)
  Rendered /Users/pholisafatyela/.rvm/gems/ruby-2.2.1/gems/web-console-2.2.1/lib/web_console/templates/main.js.erb within layouts/javascript (0.3ms)
  Rendered /Users/pholisafatyela/.rvm/gems/ruby-2.2.1/gems/web-console-2.2.1/lib/web_console/templates/error_page.js.erb within layouts/javascript (0.5ms)
  Rendered /Users/pholisafatyela/.rvm/gems/ruby-2.2.1/gems/web-console-2.2.1/lib/web_console/templates/index.html.erb (141.5ms)


Started GET "/jobs/new" for ::1 at 2016-01-22 14:48:30 +0200
Processing by JobsController#new as HTML
  Rendered jobs/_form.html.erb (3.9ms)
  Rendered jobs/new.html.erb within layouts/application (5.4ms)
Completed 500 Internal Server Error in 22ms (ActiveRecord: 0.0ms)

ActionView::Template::Error (couldn't find file 'dataTables/jquery.dataTables' with type 'text/css'):
    2: <html>
    3: 	<head>
    4: 	  <title>JobBoard</title>
    5: 	  <%= stylesheet_link_tag    'application', media: 'all' %>
    6: 	  <%= javascript_include_tag 'application' %>
    7: 	  <%= csrf_meta_tags %>
    8: 	</head>
  app/assets/stylesheets/application.css:14
  app/views/layouts/application.html.erb:5:in `_app_views_layouts_application_html_erb___2021425812993990817_70163396369880'


  Rendered /Users/pholisafatyela/.rvm/gems/ruby-2.2.1/gems/actionpack-4.2.5/lib/action_dispatch/middleware/templates/rescues/_source.erb (11.4ms)
  Rendered /Users/pholisafatyela/.rvm/gems/ruby-2.2.1/gems/actionpack-4.2.5/lib/action_dispatch/middleware/templates/rescues/_trace.html.erb (4.6ms)
  Rendered /Users/pholisafatyela/.rvm/gems/ruby-2.2.1/gems/actionpack-4.2.5/lib/action_dispatch/middleware/templates/rescues/_request_and_response.html.erb (1.1ms)
  Rendered /Users/pholisafatyela/.rvm/gems/ruby-2.2.1/gems/actionpack-4.2.5/lib/action_dispatch/middleware/templates/rescues/template_error.html.erb within rescues/layout (76.6ms)
  Rendered /Users/pholisafatyela/.rvm/gems/ruby-2.2.1/gems/web-console-2.2.1/lib/web_console/templates/_markup.html.erb (0.4ms)
  Rendered /Users/pholisafatyela/.rvm/gems/ruby-2.2.1/gems/web-console-2.2.1/lib/web_console/templates/_inner_console_markup.html.erb within layouts/inlined_string (0.5ms)
  Rendered /Users/pholisafatyela/.rvm/gems/ruby-2.2.1/gems/web-console-2.2.1/lib/web_console/templates/_prompt_box_markup.html.erb within layouts/inlined_string (0.4ms)
  Rendered /Users/pholisafatyela/.rvm/gems/ruby-2.2.1/gems/web-console-2.2.1/lib/web_console/templates/style.css.erb within layouts/inlined_string (0.5ms)
  Rendered /Users/pholisafatyela/.rvm/gems/ruby-2.2.1/gems/web-console-2.2.1/lib/web_console/templates/console.js.erb within layouts/javascript (62.0ms)
  Rendered /Users/pholisafatyela/.rvm/gems/ruby-2.2.1/gems/web-console-2.2.1/lib/web_console/templates/main.js.erb within layouts/javascript (0.3ms)
  Rendered /Users/pholisafatyela/.rvm/gems/ruby-2.2.1/gems/web-console-2.2.1/lib/web_console/templates/error_page.js.erb within layouts/javascript (0.5ms)
  Rendered /Users/pholisafatyela/.rvm/gems/ruby-2.2.1/gems/web-console-2.2.1/lib/web_console/templates/index.html.erb (135.5ms)


Started GET "/jobs/new" for ::1 at 2016-01-22 14:49:06 +0200
Processing by JobsController#new as HTML
  Rendered jobs/_form.html.erb (4.1ms)
  Rendered jobs/new.html.erb within layouts/application (6.4ms)
Completed 500 Internal Server Error in 24ms (ActiveRecord: 0.0ms)

ActionView::Template::Error (couldn't find file 'dataTables/jquery.dataTables' with type 'text/css'):
    2: <html>
    3: 	<head>
    4: 	  <title>JobBoard</title>
    5: 	  <%= stylesheet_link_tag    'application', media: 'all' %>
    6: 	  <%= javascript_include_tag 'application' %>
    7: 	  <%= csrf_meta_tags %>
    8: 	</head>
  app/assets/stylesheets/application.css:14
  app/views/layouts/application.html.erb:5:in `_app_views_layouts_application_html_erb___2021425812993990817_70163396369880'


  Rendered /Users/pholisafatyela/.rvm/gems/ruby-2.2.1/gems/actionpack-4.2.5/lib/action_dispatch/middleware/templates/rescues/_source.erb (11.1ms)
  Rendered /Users/pholisafatyela/.rvm/gems/ruby-2.2.1/gems/actionpack-4.2.5/lib/action_dispatch/middleware/templates/rescues/_trace.html.erb (4.5ms)
  Rendered /Users/pholisafatyela/.rvm/gems/ruby-2.2.1/gems/actionpack-4.2.5/lib/action_dispatch/middleware/templates/rescues/_request_and_response.html.erb (1.0ms)
  Rendered /Users/pholisafatyela/.rvm/gems/ruby-2.2.1/gems/actionpack-4.2.5/lib/action_dispatch/middleware/templates/rescues/template_error.html.erb within rescues/layout (76.7ms)
  Rendered /Users/pholisafatyela/.rvm/gems/ruby-2.2.1/gems/web-console-2.2.1/lib/web_console/templates/_markup.html.erb (0.5ms)
  Rendered /Users/pholisafatyela/.rvm/gems/ruby-2.2.1/gems/web-console-2.2.1/lib/web_console/templates/_inner_console_markup.html.erb within layouts/inlined_string (0.4ms)
  Rendered /Users/pholisafatyela/.rvm/gems/ruby-2.2.1/gems/web-console-2.2.1/lib/web_console/templates/_prompt_box_markup.html.erb within layouts/inlined_string (0.6ms)
  Rendered /Users/pholisafatyela/.rvm/gems/ruby-2.2.1/gems/web-console-2.2.1/lib/web_console/templates/style.css.erb within layouts/inlined_string (0.5ms)
  Rendered /Users/pholisafatyela/.rvm/gems/ruby-2.2.1/gems/web-console-2.2.1/lib/web_console/templates/console.js.erb within layouts/javascript (66.3ms)
  Rendered /Users/pholisafatyela/.rvm/gems/ruby-2.2.1/gems/web-console-2.2.1/lib/web_console/templates/main.js.erb within layouts/javascript (0.4ms)
  Rendered /Users/pholisafatyela/.rvm/gems/ruby-2.2.1/gems/web-console-2.2.1/lib/web_console/templates/error_page.js.erb within layouts/javascript (0.6ms)
  Rendered /Users/pholisafatyela/.rvm/gems/ruby-2.2.1/gems/web-console-2.2.1/lib/web_console/templates/index.html.erb (158.5ms)


Started GET "/jobs" for ::1 at 2016-01-22 14:49:11 +0200
Processing by JobsController#index as HTML
  [1m[36mJob Load (0.5ms)[0m  [1mSELECT "jobs".* FROM "jobs"[0m
  Rendered jobs/index.html.erb within layouts/application (2.8ms)
Completed 500 Internal Server Error in 21ms (ActiveRecord: 0.5ms)

ActionView::Template::Error (couldn't find file 'dataTables/jquery.dataTables' with type 'text/css'):
    2: <html>
    3: 	<head>
    4: 	  <title>JobBoard</title>
    5: 	  <%= stylesheet_link_tag    'application', media: 'all' %>
    6: 	  <%= javascript_include_tag 'application' %>
    7: 	  <%= csrf_meta_tags %>
    8: 	</head>
  app/assets/stylesheets/application.css:14
  app/views/layouts/application.html.erb:5:in `_app_views_layouts_application_html_erb___2021425812993990817_70163396369880'


  Rendered /Users/pholisafatyela/.rvm/gems/ruby-2.2.1/gems/actionpack-4.2.5/lib/action_dispatch/middleware/templates/rescues/_source.erb (11.9ms)
  Rendered /Users/pholisafatyela/.rvm/gems/ruby-2.2.1/gems/actionpack-4.2.5/lib/action_dispatch/middleware/templates/rescues/_trace.html.erb (4.1ms)
  Rendered /Users/pholisafatyela/.rvm/gems/ruby-2.2.1/gems/actionpack-4.2.5/lib/action_dispatch/middleware/templates/rescues/_request_and_response.html.erb (1.4ms)
  Rendered /Users/pholisafatyela/.rvm/gems/ruby-2.2.1/gems/actionpack-4.2.5/lib/action_dispatch/middleware/templates/rescues/template_error.html.erb within rescues/layout (86.7ms)
  Rendered /Users/pholisafatyela/.rvm/gems/ruby-2.2.1/gems/web-console-2.2.1/lib/web_console/templates/_markup.html.erb (0.3ms)
  Rendered /Users/pholisafatyela/.rvm/gems/ruby-2.2.1/gems/web-console-2.2.1/lib/web_console/templates/_inner_console_markup.html.erb within layouts/inlined_string (0.4ms)
  Rendered /Users/pholisafatyela/.rvm/gems/ruby-2.2.1/gems/web-console-2.2.1/lib/web_console/templates/_prompt_box_markup.html.erb within layouts/inlined_string (0.4ms)
  Rendered /Users/pholisafatyela/.rvm/gems/ruby-2.2.1/gems/web-console-2.2.1/lib/web_console/templates/style.css.erb within layouts/inlined_string (0.4ms)
  Rendered /Users/pholisafatyela/.rvm/gems/ruby-2.2.1/gems/web-console-2.2.1/lib/web_console/templates/console.js.erb within layouts/javascript (62.9ms)
  Rendered /Users/pholisafatyela/.rvm/gems/ruby-2.2.1/gems/web-console-2.2.1/lib/web_console/templates/main.js.erb within layouts/javascript (0.4ms)
  Rendered /Users/pholisafatyela/.rvm/gems/ruby-2.2.1/gems/web-console-2.2.1/lib/web_console/templates/error_page.js.erb within layouts/javascript (0.5ms)
  Rendered /Users/pholisafatyela/.rvm/gems/ruby-2.2.1/gems/web-console-2.2.1/lib/web_console/templates/index.html.erb (140.9ms)


Started POST "/console/repl_sessions/b17a9d2014a1755b3ff8c5294d50916b/trace" for ::1 at 2016-01-22 14:51:38 +0200


Started POST "/console/repl_sessions/b17a9d2014a1755b3ff8c5294d50916b/trace" for ::1 at 2016-01-22 14:51:38 +0200


Started POST "/console/repl_sessions/b17a9d2014a1755b3ff8c5294d50916b/trace" for ::1 at 2016-01-22 14:51:38 +0200


Started POST "/console/repl_sessions/b17a9d2014a1755b3ff8c5294d50916b/trace" for ::1 at 2016-01-22 14:51:39 +0200


Started POST "/console/repl_sessions/b17a9d2014a1755b3ff8c5294d50916b/trace" for ::1 at 2016-01-22 14:51:39 +0200


Started POST "/console/repl_sessions/b17a9d2014a1755b3ff8c5294d50916b/trace" for ::1 at 2016-01-22 14:51:39 +0200


Started POST "/console/repl_sessions/b17a9d2014a1755b3ff8c5294d50916b/trace" for ::1 at 2016-01-22 14:51:39 +0200


Started POST "/console/repl_sessions/b17a9d2014a1755b3ff8c5294d50916b/trace" for ::1 at 2016-01-22 14:51:39 +0200


Started POST "/console/repl_sessions/b17a9d2014a1755b3ff8c5294d50916b/trace" for ::1 at 2016-01-22 14:51:40 +0200


Started POST "/console/repl_sessions/b17a9d2014a1755b3ff8c5294d50916b/trace" for ::1 at 2016-01-22 14:51:40 +0200


Started GET "/jobs" for ::1 at 2016-01-22 14:51:56 +0200
Processing by JobsController#index as HTML
  [1m[35mJob Load (0.2ms)[0m  SELECT "jobs".* FROM "jobs"
  Rendered jobs/index.html.erb within layouts/application (1.6ms)
Completed 500 Internal Server Error in 15ms (ActiveRecord: 0.2ms)

ActionView::Template::Error (couldn't find file 'dataTables/jquery.dataTables' with type 'text/css'):
    2: <html>
    3: 	<head>
    4: 	  <title>JobBoard</title>
    5: 	  <%= stylesheet_link_tag    'application', media: 'all' %>
    6: 	  <%= javascript_include_tag 'application' %>
    7: 	  <%= csrf_meta_tags %>
    8: 	</head>
  app/assets/stylesheets/application.css:13
  app/views/layouts/application.html.erb:5:in `_app_views_layouts_application_html_erb___2021425812993990817_70163396369880'


  Rendered /Users/pholisafatyela/.rvm/gems/ruby-2.2.1/gems/actionpack-4.2.5/lib/action_dispatch/middleware/templates/rescues/_source.erb (12.3ms)
  Rendered /Users/pholisafatyela/.rvm/gems/ruby-2.2.1/gems/actionpack-4.2.5/lib/action_dispatch/middleware/templates/rescues/_trace.html.erb (4.3ms)
  Rendered /Users/pholisafatyela/.rvm/gems/ruby-2.2.1/gems/actionpack-4.2.5/lib/action_dispatch/middleware/templates/rescues/_request_and_response.html.erb (1.4ms)
  Rendered /Users/pholisafatyela/.rvm/gems/ruby-2.2.1/gems/actionpack-4.2.5/lib/action_dispatch/middleware/templates/rescues/template_error.html.erb within rescues/layout (86.3ms)
  Rendered /Users/pholisafatyela/.rvm/gems/ruby-2.2.1/gems/web-console-2.2.1/lib/web_console/templates/_markup.html.erb (0.4ms)
  Rendered /Users/pholisafatyela/.rvm/gems/ruby-2.2.1/gems/web-console-2.2.1/lib/web_console/templates/_inner_console_markup.html.erb within layouts/inlined_string (0.4ms)
  Rendered /Users/pholisafatyela/.rvm/gems/ruby-2.2.1/gems/web-console-2.2.1/lib/web_console/templates/_prompt_box_markup.html.erb within layouts/inlined_string (0.6ms)
  Rendered /Users/pholisafatyela/.rvm/gems/ruby-2.2.1/gems/web-console-2.2.1/lib/web_console/templates/style.css.erb within layouts/inlined_string (0.6ms)
  Rendered /Users/pholisafatyela/.rvm/gems/ruby-2.2.1/gems/web-console-2.2.1/lib/web_console/templates/console.js.erb within layouts/javascript (65.7ms)
  Rendered /Users/pholisafatyela/.rvm/gems/ruby-2.2.1/gems/web-console-2.2.1/lib/web_console/templates/main.js.erb within layouts/javascript (0.4ms)
  Rendered /Users/pholisafatyela/.rvm/gems/ruby-2.2.1/gems/web-console-2.2.1/lib/web_console/templates/error_page.js.erb within layouts/javascript (0.5ms)
  Rendered /Users/pholisafatyela/.rvm/gems/ruby-2.2.1/gems/web-console-2.2.1/lib/web_console/templates/index.html.erb (143.2ms)


Started GET "/jobs" for ::1 at 2016-01-22 14:52:08 +0200
Processing by JobsController#index as HTML
  [1m[36mJob Load (0.2ms)[0m  [1mSELECT "jobs".* FROM "jobs"[0m
  Rendered jobs/index.html.erb within layouts/application (1.6ms)
Completed 500 Internal Server Error in 16ms (ActiveRecord: 0.2ms)

ActionView::Template::Error (couldn't find file 'dataTables/jquery.dataTables' with type 'text/css'):
    2: <html>
    3: 	<head>
    4: 	  <title>JobBoard</title>
    5: 	  <%= stylesheet_link_tag    'application', media: 'all' %>
    6: 	  <%= javascript_include_tag 'application' %>
    7: 	  <%= csrf_meta_tags %>
    8: 	</head>
  app/assets/stylesheets/application.css:16
  app/views/layouts/application.html.erb:5:in `_app_views_layouts_application_html_erb___2021425812993990817_70163396369880'


  Rendered /Users/pholisafatyela/.rvm/gems/ruby-2.2.1/gems/actionpack-4.2.5/lib/action_dispatch/middleware/templates/rescues/_source.erb (13.2ms)
  Rendered /Users/pholisafatyela/.rvm/gems/ruby-2.2.1/gems/actionpack-4.2.5/lib/action_dispatch/middleware/templates/rescues/_trace.html.erb (4.6ms)
  Rendered /Users/pholisafatyela/.rvm/gems/ruby-2.2.1/gems/actionpack-4.2.5/lib/action_dispatch/middleware/templates/rescues/_request_and_response.html.erb (1.4ms)
  Rendered /Users/pholisafatyela/.rvm/gems/ruby-2.2.1/gems/actionpack-4.2.5/lib/action_dispatch/middleware/templates/rescues/template_error.html.erb within rescues/layout (82.1ms)
  Rendered /Users/pholisafatyela/.rvm/gems/ruby-2.2.1/gems/web-console-2.2.1/lib/web_console/templates/_markup.html.erb (0.4ms)
  Rendered /Users/pholisafatyela/.rvm/gems/ruby-2.2.1/gems/web-console-2.2.1/lib/web_console/templates/_inner_console_markup.html.erb within layouts/inlined_string (0.4ms)
  Rendered /Users/pholisafatyela/.rvm/gems/ruby-2.2.1/gems/web-console-2.2.1/lib/web_console/templates/_prompt_box_markup.html.erb within layouts/inlined_string (0.3ms)
  Rendered /Users/pholisafatyela/.rvm/gems/ruby-2.2.1/gems/web-console-2.2.1/lib/web_console/templates/style.css.erb within layouts/inlined_string (0.6ms)
  Rendered /Users/pholisafatyela/.rvm/gems/ruby-2.2.1/gems/web-console-2.2.1/lib/web_console/templates/console.js.erb within layouts/javascript (61.5ms)
  Rendered /Users/pholisafatyela/.rvm/gems/ruby-2.2.1/gems/web-console-2.2.1/lib/web_console/templates/main.js.erb within layouts/javascript (0.3ms)
  Rendered /Users/pholisafatyela/.rvm/gems/ruby-2.2.1/gems/web-console-2.2.1/lib/web_console/templates/error_page.js.erb within layouts/javascript (0.5ms)
  Rendered /Users/pholisafatyela/.rvm/gems/ruby-2.2.1/gems/web-console-2.2.1/lib/web_console/templates/index.html.erb (133.4ms)


Started GET "/jobs" for ::1 at 2016-01-22 14:55:22 +0200
Processing by JobsController#index as HTML
  [1m[35mJob Load (0.2ms)[0m  SELECT "jobs".* FROM "jobs"
  Rendered jobs/index.html.erb within layouts/application (2.1ms)
Completed 500 Internal Server Error in 23ms (ActiveRecord: 0.2ms)

ActionView::Template::Error (couldn't find file 'dataTables/jquery.dataTables' with type 'text/css'):
    2: <html>
    3: 	<head>
    4: 	  <title>JobBoard</title>
    5: 	  <%= stylesheet_link_tag    'application', media: 'all' %>
    6: 	  <%= javascript_include_tag 'application' %>
    7: 	  <%= csrf_meta_tags %>
    8: 	</head>
  app/assets/stylesheets/application.css:14
  app/views/layouts/application.html.erb:5:in `_app_views_layouts_application_html_erb___2021425812993990817_70163396369880'


  Rendered /Users/pholisafatyela/.rvm/gems/ruby-2.2.1/gems/actionpack-4.2.5/lib/action_dispatch/middleware/templates/rescues/_source.erb (11.3ms)
  Rendered /Users/pholisafatyela/.rvm/gems/ruby-2.2.1/gems/actionpack-4.2.5/lib/action_dispatch/middleware/templates/rescues/_trace.html.erb (4.2ms)
  Rendered /Users/pholisafatyela/.rvm/gems/ruby-2.2.1/gems/actionpack-4.2.5/lib/action_dispatch/middleware/templates/rescues/_request_and_response.html.erb (2.4ms)
  Rendered /Users/pholisafatyela/.rvm/gems/ruby-2.2.1/gems/actionpack-4.2.5/lib/action_dispatch/middleware/templates/rescues/template_error.html.erb within rescues/layout (78.9ms)
  Rendered /Users/pholisafatyela/.rvm/gems/ruby-2.2.1/gems/web-console-2.2.1/lib/web_console/templates/_markup.html.erb (0.3ms)
  Rendered /Users/pholisafatyela/.rvm/gems/ruby-2.2.1/gems/web-console-2.2.1/lib/web_console/templates/_inner_console_markup.html.erb within layouts/inlined_string (0.4ms)
  Rendered /Users/pholisafatyela/.rvm/gems/ruby-2.2.1/gems/web-console-2.2.1/lib/web_console/templates/_prompt_box_markup.html.erb within layouts/inlined_string (0.4ms)
  Rendered /Users/pholisafatyela/.rvm/gems/ruby-2.2.1/gems/web-console-2.2.1/lib/web_console/templates/style.css.erb within layouts/inlined_string (0.4ms)
  Rendered /Users/pholisafatyela/.rvm/gems/ruby-2.2.1/gems/web-console-2.2.1/lib/web_console/templates/console.js.erb within layouts/javascript (60.9ms)
  Rendered /Users/pholisafatyela/.rvm/gems/ruby-2.2.1/gems/web-console-2.2.1/lib/web_console/templates/main.js.erb within layouts/javascript (0.4ms)
  Rendered /Users/pholisafatyela/.rvm/gems/ruby-2.2.1/gems/web-console-2.2.1/lib/web_console/templates/error_page.js.erb within layouts/javascript (0.5ms)
  Rendered /Users/pholisafatyela/.rvm/gems/ruby-2.2.1/gems/web-console-2.2.1/lib/web_console/templates/index.html.erb (137.7ms)


Started GET "/jobs" for ::1 at 2016-01-22 14:58:10 +0200
  [1m[36mActiveRecord::SchemaMigration Load (0.1ms)[0m  [1mSELECT "schema_migrations".* FROM "schema_migrations"[0m
Processing by JobsController#index as HTML
  [1m[35mJob Load (0.2ms)[0m  SELECT "jobs".* FROM "jobs"
  Rendered jobs/index.html.erb within layouts/application (16.0ms)
Completed 200 OK in 1072ms (Views: 1067.4ms | ActiveRecord: 0.6ms)


Started GET "/jobs" for ::1 at 2016-01-22 14:59:30 +0200
Processing by JobsController#index as HTML
  [1m[36mJob Load (0.3ms)[0m  [1mSELECT "jobs".* FROM "jobs"[0m
  Rendered jobs/index.html.erb within layouts/application (2.0ms)
Completed 200 OK in 52ms (Views: 50.9ms | ActiveRecord: 0.3ms)


Started GET "/jobs" for ::1 at 2016-01-22 15:02:42 +0200
Processing by JobsController#index as HTML
  [1m[35mJob Load (0.2ms)[0m  SELECT "jobs".* FROM "jobs"
  Rendered jobs/index.html.erb within layouts/application (2.1ms)
Completed 200 OK in 107ms (Views: 106.5ms | ActiveRecord: 0.2ms)


Started GET "/jobs" for ::1 at 2016-01-22 15:02:45 +0200
Processing by JobsController#index as HTML
  [1m[36mJob Load (0.3ms)[0m  [1mSELECT "jobs".* FROM "jobs"[0m
  Rendered jobs/index.html.erb within layouts/application (1.6ms)
Completed 200 OK in 36ms (Views: 35.2ms | ActiveRecord: 0.3ms)


Started GET "/jobs" for ::1 at 2016-01-22 15:02:57 +0200
  [1m[36mActiveRecord::SchemaMigration Load (0.2ms)[0m  [1mSELECT "schema_migrations".* FROM "schema_migrations"[0m
Processing by JobsController#index as HTML
  [1m[35mJob Load (0.2ms)[0m  SELECT "jobs".* FROM "jobs"
  Rendered jobs/index.html.erb within layouts/application (14.1ms)
Completed 200 OK in 428ms (Views: 425.3ms | ActiveRecord: 0.7ms)


Started GET "/jobs" for ::1 at 2016-01-22 15:03:23 +0200
Processing by JobsController#index as HTML
  [1m[36mJob Load (0.8ms)[0m  [1mSELECT "jobs".* FROM "jobs"[0m
  Rendered jobs/index.html.erb within layouts/application (4.0ms)
Completed 200 OK in 69ms (Views: 67.3ms | ActiveRecord: 0.8ms)


Started GET "/jobs/1" for ::1 at 2016-01-22 15:03:24 +0200
Processing by JobsController#show as HTML
  Parameters: {"id"=>"1"}
  [1m[35mJob Load (0.3ms)[0m  SELECT  "jobs".* FROM "jobs" WHERE "jobs"."id" = ? LIMIT 1  [["id", 1]]
  [1m[36mCACHE (0.0ms)[0m  [1mSELECT  "jobs".* FROM "jobs" WHERE "jobs"."id" = ? LIMIT 1[0m  [["id", "1"]]
  Rendered jobs/show.html.erb within layouts/application (1.4ms)
Completed 200 OK in 71ms (Views: 55.3ms | ActiveRecord: 0.3ms)


Started GET "/jobs" for ::1 at 2016-01-22 15:03:26 +0200
Processing by JobsController#index as HTML
  [1m[35mJob Load (0.2ms)[0m  SELECT "jobs".* FROM "jobs"
  Rendered jobs/index.html.erb within layouts/application (1.5ms)
Completed 200 OK in 45ms (Views: 44.0ms | ActiveRecord: 0.2ms)


Started GET "/jobs" for ::1 at 2016-01-22 15:07:11 +0200
Processing by JobsController#index as HTML
  [1m[36mJob Load (0.5ms)[0m  [1mSELECT "jobs".* FROM "jobs"[0m
  Rendered jobs/index.html.erb within layouts/application (2.8ms)
Completed 200 OK in 35ms (Views: 34.3ms | ActiveRecord: 0.5ms)


Started GET "/jobs" for ::1 at 2016-01-22 15:07:33 +0200
Processing by JobsController#index as HTML
  [1m[35mJob Load (0.2ms)[0m  SELECT "jobs".* FROM "jobs"
  Rendered jobs/index.html.erb within layouts/application (2.1ms)
Completed 200 OK in 39ms (Views: 38.7ms | ActiveRecord: 0.2ms)


Started GET "/jobs" for ::1 at 2016-01-22 15:07:58 +0200
  [1m[36mActiveRecord::SchemaMigration Load (0.2ms)[0m  [1mSELECT "schema_migrations".* FROM "schema_migrations"[0m
Processing by JobsController#index as HTML
  [1m[35mJob Load (0.2ms)[0m  SELECT "jobs".* FROM "jobs"
  Rendered jobs/index.html.erb within layouts/application (13.6ms)
Completed 200 OK in 398ms (Views: 395.3ms | ActiveRecord: 0.6ms)


Started GET "/jobs" for ::1 at 2016-01-22 15:09:24 +0200
Processing by JobsController#index as HTML
  [1m[36mJob Load (0.5ms)[0m  [1mSELECT "jobs".* FROM "jobs"[0m
  Rendered jobs/index.html.erb within layouts/application (2.9ms)
Completed 200 OK in 62ms (Views: 61.5ms | ActiveRecord: 0.5ms)


Started GET "/jobs" for ::1 at 2016-01-22 15:09:37 +0200
  [1m[36mActiveRecord::SchemaMigration Load (0.2ms)[0m  [1mSELECT "schema_migrations".* FROM "schema_migrations"[0m
Processing by JobsController#index as HTML
  [1m[35mJob Load (0.2ms)[0m  SELECT "jobs".* FROM "jobs"
  Rendered jobs/index.html.erb within layouts/application (16.2ms)
Completed 200 OK in 394ms (Views: 391.3ms | ActiveRecord: 0.8ms)


Started GET "/jobs" for ::1 at 2016-01-22 15:09:41 +0200
Processing by JobsController#index as HTML
  [1m[36mJob Load (0.2ms)[0m  [1mSELECT "jobs".* FROM "jobs"[0m
  Rendered jobs/index.html.erb within layouts/application (2.4ms)
Completed 200 OK in 64ms (Views: 63.7ms | ActiveRecord: 0.2ms)


Started GET "/jobs" for ::1 at 2016-01-22 15:09:44 +0200
Processing by JobsController#index as HTML
  [1m[35mJob Load (0.2ms)[0m  SELECT "jobs".* FROM "jobs"
  Rendered jobs/index.html.erb within layouts/application (2.1ms)
Completed 200 OK in 43ms (Views: 42.8ms | ActiveRecord: 0.2ms)


Started GET "/jobs" for ::1 at 2016-01-22 15:11:24 +0200
Processing by JobsController#index as HTML
  [1m[36mJob Load (0.5ms)[0m  [1mSELECT "jobs".* FROM "jobs"[0m
  Rendered jobs/index.html.erb within layouts/application (3.0ms)
Completed 200 OK in 41ms (Views: 40.5ms | ActiveRecord: 0.5ms)

ActionController::RoutingError (No route matches [GET] "/assets/stylesheets/jquery.dataTables.min.css"):
  actionpack (4.2.5) lib/action_dispatch/middleware/debug_exceptions.rb:21:in `call'
  web-console (2.2.1) lib/web_console/middleware.rb:39:in `call'
  actionpack (4.2.5) lib/action_dispatch/middleware/show_exceptions.rb:30:in `call'
  railties (4.2.5) lib/rails/rack/logger.rb:38:in `call_app'
  railties (4.2.5) lib/rails/rack/logger.rb:20:in `block in call'
  activesupport (4.2.5) lib/active_support/tagged_logging.rb:68:in `block in tagged'
  activesupport (4.2.5) lib/active_support/tagged_logging.rb:26:in `tagged'
  activesupport (4.2.5) lib/active_support/tagged_logging.rb:68:in `tagged'
  railties (4.2.5) lib/rails/rack/logger.rb:20:in `call'
  quiet_assets (1.1.0) lib/quiet_assets.rb:27:in `call_with_quiet_assets'
  actionpack (4.2.5) lib/action_dispatch/middleware/request_id.rb:21:in `call'
  rack (1.6.4) lib/rack/methodoverride.rb:22:in `call'
  rack (1.6.4) lib/rack/runtime.rb:18:in `call'
  activesupport (4.2.5) lib/active_support/cache/strategy/local_cache_middleware.rb:28:in `call'
  rack (1.6.4) lib/rack/lock.rb:17:in `call'
  actionpack (4.2.5) lib/action_dispatch/middleware/static.rb:116:in `call'
  rack (1.6.4) lib/rack/sendfile.rb:113:in `call'
  railties (4.2.5) lib/rails/engine.rb:518:in `call'
  railties (4.2.5) lib/rails/application.rb:165:in `call'
  rack (1.6.4) lib/rack/lock.rb:17:in `call'
  rack (1.6.4) lib/rack/content_length.rb:15:in `call'
  rack (1.6.4) lib/rack/handler/webrick.rb:88:in `service'
  /Users/pholisafatyela/.rvm/rubies/ruby-2.2.1/lib/ruby/2.2.0/webrick/httpserver.rb:138:in `service'
  /Users/pholisafatyela/.rvm/rubies/ruby-2.2.1/lib/ruby/2.2.0/webrick/httpserver.rb:94:in `run'
  /Users/pholisafatyela/.rvm/rubies/ruby-2.2.1/lib/ruby/2.2.0/webrick/server.rb:294:in `block in start_thread'



ActionController::RoutingError (No route matches [GET] "/assets/javascripts/jquery.dataTables.min.js"):
  actionpack (4.2.5) lib/action_dispatch/middleware/debug_exceptions.rb:21:in `call'
  web-console (2.2.1) lib/web_console/middleware.rb:39:in `call'
  actionpack (4.2.5) lib/action_dispatch/middleware/show_exceptions.rb:30:in `call'
  railties (4.2.5) lib/rails/rack/logger.rb:38:in `call_app'
  railties (4.2.5) lib/rails/rack/logger.rb:20:in `block in call'
  activesupport (4.2.5) lib/active_support/tagged_logging.rb:68:in `block in tagged'
  activesupport (4.2.5) lib/active_support/tagged_logging.rb:26:in `tagged'
  activesupport (4.2.5) lib/active_support/tagged_logging.rb:68:in `tagged'
  railties (4.2.5) lib/rails/rack/logger.rb:20:in `call'
  quiet_assets (1.1.0) lib/quiet_assets.rb:27:in `call_with_quiet_assets'
  actionpack (4.2.5) lib/action_dispatch/middleware/request_id.rb:21:in `call'
  rack (1.6.4) lib/rack/methodoverride.rb:22:in `call'
  rack (1.6.4) lib/rack/runtime.rb:18:in `call'
  activesupport (4.2.5) lib/active_support/cache/strategy/local_cache_middleware.rb:28:in `call'
  rack (1.6.4) lib/rack/lock.rb:17:in `call'
  actionpack (4.2.5) lib/action_dispatch/middleware/static.rb:116:in `call'
  rack (1.6.4) lib/rack/sendfile.rb:113:in `call'
  railties (4.2.5) lib/rails/engine.rb:518:in `call'
  railties (4.2.5) lib/rails/application.rb:165:in `call'
  rack (1.6.4) lib/rack/lock.rb:17:in `call'
  rack (1.6.4) lib/rack/content_length.rb:15:in `call'
  rack (1.6.4) lib/rack/handler/webrick.rb:88:in `service'
  /Users/pholisafatyela/.rvm/rubies/ruby-2.2.1/lib/ruby/2.2.0/webrick/httpserver.rb:138:in `service'
  /Users/pholisafatyela/.rvm/rubies/ruby-2.2.1/lib/ruby/2.2.0/webrick/httpserver.rb:94:in `run'
  /Users/pholisafatyela/.rvm/rubies/ruby-2.2.1/lib/ruby/2.2.0/webrick/server.rb:294:in `block in start_thread'




Started GET "/jobs" for ::1 at 2016-01-22 15:11:49 +0200
Processing by JobsController#index as HTML
  [1m[35mJob Load (0.2ms)[0m  SELECT "jobs".* FROM "jobs"
  Rendered jobs/index.html.erb within layouts/application (2.3ms)
Completed 200 OK in 43ms (Views: 42.3ms | ActiveRecord: 0.2ms)

ActionController::RoutingError (No route matches [GET] "/assets/stylesheets/jquery.dataTables.min.css"):
  actionpack (4.2.5) lib/action_dispatch/middleware/debug_exceptions.rb:21:in `call'
  web-console (2.2.1) lib/web_console/middleware.rb:39:in `call'
  actionpack (4.2.5) lib/action_dispatch/middleware/show_exceptions.rb:30:in `call'
  railties (4.2.5) lib/rails/rack/logger.rb:38:in `call_app'
  railties (4.2.5) lib/rails/rack/logger.rb:20:in `block in call'
  activesupport (4.2.5) lib/active_support/tagged_logging.rb:68:in `block in tagged'
  activesupport (4.2.5) lib/active_support/tagged_logging.rb:26:in `tagged'
  activesupport (4.2.5) lib/active_support/tagged_logging.rb:68:in `tagged'
  railties (4.2.5) lib/rails/rack/logger.rb:20:in `call'
  quiet_assets (1.1.0) lib/quiet_assets.rb:27:in `call_with_quiet_assets'
  actionpack (4.2.5) lib/action_dispatch/middleware/request_id.rb:21:in `call'
  rack (1.6.4) lib/rack/methodoverride.rb:22:in `call'
  rack (1.6.4) lib/rack/runtime.rb:18:in `call'
  activesupport (4.2.5) lib/active_support/cache/strategy/local_cache_middleware.rb:28:in `call'
  rack (1.6.4) lib/rack/lock.rb:17:in `call'
  actionpack (4.2.5) lib/action_dispatch/middleware/static.rb:116:in `call'
  rack (1.6.4) lib/rack/sendfile.rb:113:in `call'
  railties (4.2.5) lib/rails/engine.rb:518:in `call'
  railties (4.2.5) lib/rails/application.rb:165:in `call'
  rack (1.6.4) lib/rack/lock.rb:17:in `call'
  rack (1.6.4) lib/rack/content_length.rb:15:in `call'
  rack (1.6.4) lib/rack/handler/webrick.rb:88:in `service'
  /Users/pholisafatyela/.rvm/rubies/ruby-2.2.1/lib/ruby/2.2.0/webrick/httpserver.rb:138:in `service'
  /Users/pholisafatyela/.rvm/rubies/ruby-2.2.1/lib/ruby/2.2.0/webrick/httpserver.rb:94:in `run'
  /Users/pholisafatyela/.rvm/rubies/ruby-2.2.1/lib/ruby/2.2.0/webrick/server.rb:294:in `block in start_thread'



ActionController::RoutingError (No route matches [GET] "/assets/javascripts/jquery.dataTables.min.js"):
  actionpack (4.2.5) lib/action_dispatch/middleware/debug_exceptions.rb:21:in `call'
  web-console (2.2.1) lib/web_console/middleware.rb:39:in `call'
  actionpack (4.2.5) lib/action_dispatch/middleware/show_exceptions.rb:30:in `call'
  railties (4.2.5) lib/rails/rack/logger.rb:38:in `call_app'
  railties (4.2.5) lib/rails/rack/logger.rb:20:in `block in call'
  activesupport (4.2.5) lib/active_support/tagged_logging.rb:68:in `block in tagged'
  activesupport (4.2.5) lib/active_support/tagged_logging.rb:26:in `tagged'
  activesupport (4.2.5) lib/active_support/tagged_logging.rb:68:in `tagged'
  railties (4.2.5) lib/rails/rack/logger.rb:20:in `call'
  quiet_assets (1.1.0) lib/quiet_assets.rb:27:in `call_with_quiet_assets'
  actionpack (4.2.5) lib/action_dispatch/middleware/request_id.rb:21:in `call'
  rack (1.6.4) lib/rack/methodoverride.rb:22:in `call'
  rack (1.6.4) lib/rack/runtime.rb:18:in `call'
  activesupport (4.2.5) lib/active_support/cache/strategy/local_cache_middleware.rb:28:in `call'
  rack (1.6.4) lib/rack/lock.rb:17:in `call'
  actionpack (4.2.5) lib/action_dispatch/middleware/static.rb:116:in `call'
  rack (1.6.4) lib/rack/sendfile.rb:113:in `call'
  railties (4.2.5) lib/rails/engine.rb:518:in `call'
  railties (4.2.5) lib/rails/application.rb:165:in `call'
  rack (1.6.4) lib/rack/lock.rb:17:in `call'
  rack (1.6.4) lib/rack/content_length.rb:15:in `call'
  rack (1.6.4) lib/rack/handler/webrick.rb:88:in `service'
  /Users/pholisafatyela/.rvm/rubies/ruby-2.2.1/lib/ruby/2.2.0/webrick/httpserver.rb:138:in `service'
  /Users/pholisafatyela/.rvm/rubies/ruby-2.2.1/lib/ruby/2.2.0/webrick/httpserver.rb:94:in `run'
  /Users/pholisafatyela/.rvm/rubies/ruby-2.2.1/lib/ruby/2.2.0/webrick/server.rb:294:in `block in start_thread'




Started GET "/jobs" for ::1 at 2016-01-22 15:12:26 +0200
Processing by JobsController#index as HTML
  [1m[36mJob Load (0.3ms)[0m  [1mSELECT "jobs".* FROM "jobs"[0m
  Rendered jobs/index.html.erb within layouts/application (2.2ms)
Completed 200 OK in 42ms (Views: 41.7ms | ActiveRecord: 0.3ms)

ActionController::RoutingError (No route matches [GET] "/assets/stylesheets/jquery.dataTables.min.css"):
  actionpack (4.2.5) lib/action_dispatch/middleware/debug_exceptions.rb:21:in `call'
  web-console (2.2.1) lib/web_console/middleware.rb:39:in `call'
  actionpack (4.2.5) lib/action_dispatch/middleware/show_exceptions.rb:30:in `call'
  railties (4.2.5) lib/rails/rack/logger.rb:38:in `call_app'
  railties (4.2.5) lib/rails/rack/logger.rb:20:in `block in call'
  activesupport (4.2.5) lib/active_support/tagged_logging.rb:68:in `block in tagged'
  activesupport (4.2.5) lib/active_support/tagged_logging.rb:26:in `tagged'
  activesupport (4.2.5) lib/active_support/tagged_logging.rb:68:in `tagged'
  railties (4.2.5) lib/rails/rack/logger.rb:20:in `call'
  quiet_assets (1.1.0) lib/quiet_assets.rb:27:in `call_with_quiet_assets'
  actionpack (4.2.5) lib/action_dispatch/middleware/request_id.rb:21:in `call'
  rack (1.6.4) lib/rack/methodoverride.rb:22:in `call'
  rack (1.6.4) lib/rack/runtime.rb:18:in `call'
  activesupport (4.2.5) lib/active_support/cache/strategy/local_cache_middleware.rb:28:in `call'
  rack (1.6.4) lib/rack/lock.rb:17:in `call'
  actionpack (4.2.5) lib/action_dispatch/middleware/static.rb:116:in `call'
  rack (1.6.4) lib/rack/sendfile.rb:113:in `call'
  railties (4.2.5) lib/rails/engine.rb:518:in `call'
  railties (4.2.5) lib/rails/application.rb:165:in `call'
  rack (1.6.4) lib/rack/lock.rb:17:in `call'
  rack (1.6.4) lib/rack/content_length.rb:15:in `call'
  rack (1.6.4) lib/rack/handler/webrick.rb:88:in `service'
  /Users/pholisafatyela/.rvm/rubies/ruby-2.2.1/lib/ruby/2.2.0/webrick/httpserver.rb:138:in `service'
  /Users/pholisafatyela/.rvm/rubies/ruby-2.2.1/lib/ruby/2.2.0/webrick/httpserver.rb:94:in `run'
  /Users/pholisafatyela/.rvm/rubies/ruby-2.2.1/lib/ruby/2.2.0/webrick/server.rb:294:in `block in start_thread'



ActionController::RoutingError (No route matches [GET] "/assets/javascripts/jquery.dataTables.min.js"):
  actionpack (4.2.5) lib/action_dispatch/middleware/debug_exceptions.rb:21:in `call'
  web-console (2.2.1) lib/web_console/middleware.rb:39:in `call'
  actionpack (4.2.5) lib/action_dispatch/middleware/show_exceptions.rb:30:in `call'
  railties (4.2.5) lib/rails/rack/logger.rb:38:in `call_app'
  railties (4.2.5) lib/rails/rack/logger.rb:20:in `block in call'
  activesupport (4.2.5) lib/active_support/tagged_logging.rb:68:in `block in tagged'
  activesupport (4.2.5) lib/active_support/tagged_logging.rb:26:in `tagged'
  activesupport (4.2.5) lib/active_support/tagged_logging.rb:68:in `tagged'
  railties (4.2.5) lib/rails/rack/logger.rb:20:in `call'
  quiet_assets (1.1.0) lib/quiet_assets.rb:27:in `call_with_quiet_assets'
  actionpack (4.2.5) lib/action_dispatch/middleware/request_id.rb:21:in `call'
  rack (1.6.4) lib/rack/methodoverride.rb:22:in `call'
  rack (1.6.4) lib/rack/runtime.rb:18:in `call'
  activesupport (4.2.5) lib/active_support/cache/strategy/local_cache_middleware.rb:28:in `call'
  rack (1.6.4) lib/rack/lock.rb:17:in `call'
  actionpack (4.2.5) lib/action_dispatch/middleware/static.rb:116:in `call'
  rack (1.6.4) lib/rack/sendfile.rb:113:in `call'
  railties (4.2.5) lib/rails/engine.rb:518:in `call'
  railties (4.2.5) lib/rails/application.rb:165:in `call'
  rack (1.6.4) lib/rack/lock.rb:17:in `call'
  rack (1.6.4) lib/rack/content_length.rb:15:in `call'
  rack (1.6.4) lib/rack/handler/webrick.rb:88:in `service'
  /Users/pholisafatyela/.rvm/rubies/ruby-2.2.1/lib/ruby/2.2.0/webrick/httpserver.rb:138:in `service'
  /Users/pholisafatyela/.rvm/rubies/ruby-2.2.1/lib/ruby/2.2.0/webrick/httpserver.rb:94:in `run'
  /Users/pholisafatyela/.rvm/rubies/ruby-2.2.1/lib/ruby/2.2.0/webrick/server.rb:294:in `block in start_thread'




Started GET "/jobs" for ::1 at 2016-01-22 15:12:46 +0200
Processing by JobsController#index as HTML
  [1m[35mJob Load (0.2ms)[0m  SELECT "jobs".* FROM "jobs"
  Rendered jobs/index.html.erb within layouts/application (2.6ms)
Completed 200 OK in 37ms (Views: 36.6ms | ActiveRecord: 0.2ms)


Started GET "/jobs" for ::1 at 2016-01-22 15:12:49 +0200
Processing by JobsController#index as HTML
  [1m[36mJob Load (0.3ms)[0m  [1mSELECT "jobs".* FROM "jobs"[0m
  Rendered jobs/index.html.erb within layouts/application (2.2ms)
Completed 200 OK in 40ms (Views: 39.8ms | ActiveRecord: 0.3ms)


Started GET "/jobs" for ::1 at 2016-01-22 15:15:00 +0200
Processing by JobsController#index as HTML
  [1m[35mJob Load (0.3ms)[0m  SELECT "jobs".* FROM "jobs"
  Rendered jobs/index.html.erb within layouts/application (2.0ms)
Completed 200 OK in 45ms (Views: 44.3ms | ActiveRecord: 0.3ms)


Started GET "/jobs" for ::1 at 2016-01-22 15:16:43 +0200
Processing by JobsController#index as HTML
  [1m[36mJob Load (0.2ms)[0m  [1mSELECT "jobs".* FROM "jobs"[0m
  Rendered jobs/index.html.erb within layouts/application (1.6ms)
Completed 200 OK in 46ms (Views: 45.7ms | ActiveRecord: 0.2ms)


Started GET "/jobs" for ::1 at 2016-01-22 15:16:58 +0200
  [1m[36mActiveRecord::SchemaMigration Load (0.1ms)[0m  [1mSELECT "schema_migrations".* FROM "schema_migrations"[0m
Processing by JobsController#index as HTML
  [1m[35mJob Load (0.2ms)[0m  SELECT "jobs".* FROM "jobs"
  Rendered jobs/index.html.erb within layouts/application (13.0ms)
Completed 200 OK in 411ms (Views: 407.0ms | ActiveRecord: 0.6ms)


Started GET "/jobs" for ::1 at 2016-01-22 15:17:16 +0200
Processing by JobsController#index as HTML
  [1m[36mJob Load (0.2ms)[0m  [1mSELECT "jobs".* FROM "jobs"[0m
  Rendered jobs/index.html.erb within layouts/application (2.1ms)
Completed 200 OK in 73ms (Views: 72.6ms | ActiveRecord: 0.2ms)


Started GET "/jobs" for ::1 at 2016-01-22 15:28:29 +0200
  [1m[36mActiveRecord::SchemaMigration Load (0.2ms)[0m  [1mSELECT "schema_migrations".* FROM "schema_migrations"[0m
Processing by JobsController#index as HTML
  [1m[35mJob Load (0.2ms)[0m  SELECT "jobs".* FROM "jobs"
  Rendered jobs/index.html.erb within layouts/application (13.5ms)
Completed 200 OK in 407ms (Views: 403.8ms | ActiveRecord: 0.6ms)


Started GET "/jobs" for ::1 at 2016-01-22 15:28:55 +0200
Processing by JobsController#index as HTML
  [1m[36mJob Load (0.2ms)[0m  [1mSELECT "jobs".* FROM "jobs"[0m
  Rendered jobs/index.html.erb within layouts/application (3.1ms)
Completed 200 OK in 62ms (Views: 61.6ms | ActiveRecord: 0.2ms)


Started GET "/jobs" for ::1 at 2016-01-22 15:29:13 +0200
Processing by JobsController#index as HTML
  [1m[35mJob Load (0.3ms)[0m  SELECT "jobs".* FROM "jobs"
  Rendered jobs/index.html.erb within layouts/application (2.4ms)
Completed 200 OK in 44ms (Views: 43.7ms | ActiveRecord: 0.3ms)


Started GET "/jobs" for ::1 at 2016-01-22 15:39:26 +0200
Processing by JobsController#index as HTML
  [1m[36mJob Load (0.9ms)[0m  [1mSELECT "jobs".* FROM "jobs"[0m
  Rendered jobs/index.html.erb within layouts/application (10.4ms)
Completed 200 OK in 464ms (Views: 460.1ms | ActiveRecord: 0.9ms)


Started GET "/jobs" for ::1 at 2016-01-22 15:39:40 +0200
  [1m[36mActiveRecord::SchemaMigration Load (0.2ms)[0m  [1mSELECT "schema_migrations".* FROM "schema_migrations"[0m
Processing by JobsController#index as HTML
  [1m[35mJob Load (0.2ms)[0m  SELECT "jobs".* FROM "jobs"
  Rendered jobs/index.html.erb within layouts/application (14.8ms)
Completed 200 OK in 647ms (Views: 644.2ms | ActiveRecord: 0.6ms)


Started GET "/jobs" for ::1 at 2016-01-22 15:39:43 +0200
Processing by JobsController#index as HTML
  [1m[36mJob Load (0.3ms)[0m  [1mSELECT "jobs".* FROM "jobs"[0m
  Rendered jobs/index.html.erb within layouts/application (2.7ms)
Completed 200 OK in 60ms (Views: 59.6ms | ActiveRecord: 0.3ms)


Started GET "/jobs" for ::1 at 2016-01-22 15:39:46 +0200
Processing by JobsController#index as HTML
  [1m[35mJob Load (0.2ms)[0m  SELECT "jobs".* FROM "jobs"
  Rendered jobs/index.html.erb within layouts/application (2.1ms)
Completed 200 OK in 39ms (Views: 38.1ms | ActiveRecord: 0.2ms)


Started GET "/jobs" for ::1 at 2016-01-22 15:40:09 +0200
Processing by JobsController#index as HTML
  [1m[36mJob Load (0.2ms)[0m  [1mSELECT "jobs".* FROM "jobs"[0m
  Rendered jobs/index.html.erb within layouts/application (1.4ms)
Completed 200 OK in 38ms (Views: 37.8ms | ActiveRecord: 0.2ms)


Started GET "/jobs" for ::1 at 2016-01-22 15:40:11 +0200
Processing by JobsController#index as HTML
  [1m[35mJob Load (0.2ms)[0m  SELECT "jobs".* FROM "jobs"
  Rendered jobs/index.html.erb within layouts/application (2.0ms)
Completed 200 OK in 42ms (Views: 41.9ms | ActiveRecord: 0.2ms)


Started GET "/jobs" for ::1 at 2016-01-22 15:40:28 +0200
Processing by JobsController#index as HTML
  [1m[36mJob Load (0.2ms)[0m  [1mSELECT "jobs".* FROM "jobs"[0m
  Rendered jobs/index.html.erb within layouts/application (2.6ms)
Completed 200 OK in 43ms (Views: 42.2ms | ActiveRecord: 0.2ms)


Started GET "/jobs" for ::1 at 2016-01-22 15:40:51 +0200
Processing by JobsController#index as HTML
  [1m[35mJob Load (0.2ms)[0m  SELECT "jobs".* FROM "jobs"
  Rendered jobs/index.html.erb within layouts/application (2.3ms)
Completed 200 OK in 37ms (Views: 36.1ms | ActiveRecord: 0.2ms)


Started GET "/jobs" for ::1 at 2016-01-22 15:41:00 +0200
Processing by JobsController#index as HTML
  [1m[36mJob Load (0.2ms)[0m  [1mSELECT "jobs".* FROM "jobs"[0m
  Rendered jobs/index.html.erb within layouts/application (2.5ms)
Completed 200 OK in 31ms (Views: 30.0ms | ActiveRecord: 0.2ms)


Started GET "/jobs/1" for ::1 at 2016-01-22 15:41:04 +0200
Processing by JobsController#show as HTML
  Parameters: {"id"=>"1"}
  [1m[35mJob Load (0.2ms)[0m  SELECT  "jobs".* FROM "jobs" WHERE "jobs"."id" = ? LIMIT 1  [["id", 1]]
  [1m[36mCACHE (0.0ms)[0m  [1mSELECT  "jobs".* FROM "jobs" WHERE "jobs"."id" = ? LIMIT 1[0m  [["id", "1"]]
  Rendered jobs/show.html.erb within layouts/application (1.6ms)
Completed 200 OK in 155ms (Views: 43.9ms | ActiveRecord: 0.2ms)


Started GET "/jobs" for ::1 at 2016-01-22 15:41:07 +0200
Processing by JobsController#index as HTML
  [1m[35mJob Load (0.2ms)[0m  SELECT "jobs".* FROM "jobs"
  Rendered jobs/index.html.erb within layouts/application (1.7ms)
Completed 200 OK in 40ms (Views: 39.8ms | ActiveRecord: 0.2ms)


Started GET "/jobs" for ::1 at 2016-01-22 15:42:30 +0200
Processing by JobsController#index as HTML
  [1m[36mJob Load (0.2ms)[0m  [1mSELECT "jobs".* FROM "jobs"[0m
  Rendered jobs/index.html.erb within layouts/application (2.6ms)
Completed 200 OK in 39ms (Views: 38.5ms | ActiveRecord: 0.2ms)


Started GET "/jobs" for ::1 at 2016-01-22 15:42:57 +0200
Processing by JobsController#index as HTML
  [1m[35mJob Load (0.2ms)[0m  SELECT "jobs".* FROM "jobs"
  Rendered jobs/index.html.erb within layouts/application (2.2ms)
Completed 200 OK in 40ms (Views: 39.2ms | ActiveRecord: 0.2ms)


Started GET "/jobs" for ::1 at 2016-01-22 15:43:00 +0200
Processing by JobsController#index as HTML
  [1m[36mJob Load (0.4ms)[0m  [1mSELECT "jobs".* FROM "jobs"[0m
  Rendered jobs/index.html.erb within layouts/application (2.9ms)
Completed 200 OK in 48ms (Views: 46.8ms | ActiveRecord: 0.4ms)


Started GET "/jobs" for ::1 at 2016-01-22 15:43:13 +0200
Processing by JobsController#index as HTML
  [1m[35mJob Load (0.2ms)[0m  SELECT "jobs".* FROM "jobs"
  Rendered jobs/index.html.erb within layouts/application (2.4ms)
Completed 200 OK in 40ms (Views: 39.3ms | ActiveRecord: 0.2ms)


Started GET "/jobs" for ::1 at 2016-01-22 15:43:45 +0200
  [1m[36mActiveRecord::SchemaMigration Load (0.3ms)[0m  [1mSELECT "schema_migrations".* FROM "schema_migrations"[0m
Processing by JobsController#index as HTML
  [1m[35mJob Load (0.2ms)[0m  SELECT "jobs".* FROM "jobs"
  Rendered jobs/index.html.erb within layouts/application (13.6ms)
Completed 200 OK in 378ms (Views: 374.9ms | ActiveRecord: 0.6ms)


Started GET "/jobs" for ::1 at 2016-01-22 15:43:50 +0200
Processing by JobsController#index as HTML
  [1m[36mJob Load (0.2ms)[0m  [1mSELECT "jobs".* FROM "jobs"[0m
  Rendered jobs/index.html.erb within layouts/application (2.1ms)
Completed 200 OK in 63ms (Views: 62.0ms | ActiveRecord: 0.2ms)


Started GET "/jobs" for ::1 at 2016-01-22 15:43:56 +0200
Processing by JobsController#index as HTML
  [1m[35mJob Load (0.2ms)[0m  SELECT "jobs".* FROM "jobs"
  Rendered jobs/index.html.erb within layouts/application (2.2ms)
Completed 200 OK in 35ms (Views: 34.6ms | ActiveRecord: 0.2ms)


Started GET "/jobs" for ::1 at 2016-01-22 15:44:40 +0200
Processing by JobsController#index as HTML
  [1m[36mJob Load (0.4ms)[0m  [1mSELECT "jobs".* FROM "jobs"[0m
  Rendered jobs/index.html.erb within layouts/application (4.7ms)
Completed 200 OK in 40ms (Views: 38.9ms | ActiveRecord: 0.4ms)


Started GET "/jobs" for ::1 at 2016-01-22 15:46:28 +0200
Processing by JobsController#index as HTML
  [1m[35mJob Load (0.2ms)[0m  SELECT "jobs".* FROM "jobs"
  Rendered jobs/index.html.erb within layouts/application (2.5ms)
Completed 200 OK in 81ms (Views: 80.5ms | ActiveRecord: 0.2ms)


Started GET "/jobs" for ::1 at 2016-01-22 15:46:48 +0200
  [1m[36mActiveRecord::SchemaMigration Load (0.1ms)[0m  [1mSELECT "schema_migrations".* FROM "schema_migrations"[0m
Processing by JobsController#index as HTML
  [1m[35mJob Load (0.2ms)[0m  SELECT "jobs".* FROM "jobs"
  Rendered jobs/index.html.erb within layouts/application (12.8ms)
Completed 200 OK in 409ms (Views: 405.0ms | ActiveRecord: 0.8ms)


Started GET "/jobs" for ::1 at 2016-01-22 15:46:50 +0200
Processing by JobsController#index as HTML
  [1m[36mJob Load (1.2ms)[0m  [1mSELECT "jobs".* FROM "jobs"[0m
  Rendered jobs/index.html.erb within layouts/application (2.8ms)
Completed 200 OK in 60ms (Views: 57.8ms | ActiveRecord: 1.2ms)
